<?xml version="1.0" encoding="UTF-8"?>
<!-- Generated by org.testng.reporters.JUnitReportReporter -->
<testsuite hostname="DESKTOP-1PQ2T5K" failures="0" tests="3" name="test.Login_Test" time="5.049" errors="0" timestamp="2022-08-24T18:51:28 IST" skipped="0">
  <testcase classname="test.Login_Test" name="verifyUrlOfLoginPage" time="0.032"/>
  <system-out/>
  <testcase classname="test.Login_Test" name="verifyLohinPageIsDisplay" time="0.885"/>
  <system-out/>
  <testcase classname="test.Login_Test" name="verifyLogin" time="4.132"/>
  <system-out/>
</testsuite> <!-- test.Login_Test -->
