<?xml version="1.0" encoding="UTF-8"?>
<!-- Generated by org.testng.reporters.JUnitReportReporter -->
<testsuite hostname="DESKTOP-1PQ2T5K" failures="0" tests="1" name="test.Pim_Test" time="6.081" errors="0" timestamp="2022-08-24T18:51:28 IST" skipped="0">
  <testcase classname="test.Pim_Test" name="verifyTitlelOfPimPage" time="6.081"/>
  <system-out/>
</testsuite> <!-- test.Pim_Test -->
